<?xml version="1.0" encoding="UTF-8"?>
<!-- Generated by org.testng.reporters.JUnitReportReporter -->
<testsuite hostname="LP-5CD84713QV" name="lomt.pearson.test_script.somkeTesting.DemoTestNG" tests="2" failures="0" timestamp="21 Feb 2020 03:54:03 GMT" time="0.022" errors="0">
  <testcase name="Ademotest1" time="0.020" classname="lomt.pearson.test_script.somkeTesting.DemoTestNG"/>
  <testcase name="Bdemotest2" time="0.002" classname="lomt.pearson.test_script.somkeTesting.DemoTestNG"/>
</testsuite> <!-- lomt.pearson.test_script.somkeTesting.DemoTestNG -->
